{"C:\\Users\\sanlo\\Desktop\\dojo-tdd\\codeBreaker.js": {"path":"C:\\Users\\sanlo\\Desktop\\dojo-tdd\\codeBreaker.js","statementMap":{"0":{"start":{"line":4,"column":25},"end":{"line":4,"column":42}},"1":{"start":{"line":5,"column":21},"end":{"line":5,"column":38}},"2":{"start":{"line":7,"column":16},"end":{"line":7,"column":51}},"3":{"start":{"line":8,"column":14},"end":{"line":8,"column":16}},"4":{"start":{"line":9,"column":2},"end":{"line":17,"column":3}},"5":{"start":{"line":9,"column":12},"end":{"line":9,"column":13}},"6":{"start":{"line":10,"column":4},"end":{"line":16,"column":5}},"7":{"start":{"line":11,"column":6},"end":{"line":11,"column":33}},"8":{"start":{"line":13,"column":6},"end":{"line":15,"column":7}},"9":{"start":{"line":14,"column":8},"end":{"line":14,"column":35}},"10":{"start":{"line":18,"column":2},"end":{"line":18,"column":26}},"11":{"start":{"line":23,"column":20},"end":{"line":23,"column":22}},"12":{"start":{"line":24,"column":2},"end":{"line":26,"column":3}},"13":{"start":{"line":24,"column":19},"end":{"line":24,"column":20}},"14":{"start":{"line":25,"column":4},"end":{"line":25,"column":93}},"15":{"start":{"line":27,"column":2},"end":{"line":27,"column":22}},"16":{"start":{"line":30,"column":0},"end":{"line":30,"column":44}}},"fnMap":{"0":{"name":"codeBreaker","decl":{"start":{"line":2,"column":9},"end":{"line":2,"column":20}},"loc":{"start":{"line":2,"column":35},"end":{"line":19,"column":1}},"line":2},"1":{"name":"randomNumber","decl":{"start":{"line":22,"column":9},"end":{"line":22,"column":21}},"loc":{"start":{"line":22,"column":23},"end":{"line":28,"column":1}},"line":22}},"branchMap":{"0":{"loc":{"start":{"line":7,"column":16},"end":{"line":7,"column":51}},"type":"cond-expr","locations":[{"start":{"line":7,"column":27},"end":{"line":7,"column":37}},{"start":{"line":7,"column":38},"end":{"line":7,"column":51}}],"line":7},"1":{"loc":{"start":{"line":10,"column":4},"end":{"line":16,"column":5}},"type":"if","locations":[{"start":{"line":10,"column":4},"end":{"line":16,"column":5}},{"start":{"line":10,"column":4},"end":{"line":16,"column":5}}],"line":10},"2":{"loc":{"start":{"line":13,"column":6},"end":{"line":15,"column":7}},"type":"if","locations":[{"start":{"line":13,"column":6},"end":{"line":15,"column":7}},{"start":{"line":13,"column":6},"end":{"line":15,"column":7}}],"line":13}},"s":{"0":3,"1":3,"2":3,"3":3,"4":3,"5":3,"6":12,"7":6,"8":6,"9":3,"10":3,"11":6,"12":6,"13":6,"14":24,"15":6,"16":1},"f":{"0":3,"1":6},"b":{"0":[3,0],"1":[6,6],"2":[3,3]},"_coverageSchema":"1a1c01bbd47fc00a2c39e90264f33305004495a9","hash":"da7def36521eee0f18de4ed4fe2ce9c2d1a9dc9a"}
,"C:\\Users\\sanlo\\Desktop\\dojo-tdd\\index.js": {"path":"C:\\Users\\sanlo\\Desktop\\dojo-tdd\\index.js","statementMap":{"0":{"start":{"line":1,"column":16},"end":{"line":1,"column":34}},"1":{"start":{"line":2,"column":12},"end":{"line":2,"column":21}},"2":{"start":{"line":3,"column":13},"end":{"line":3,"column":28}},"3":{"start":{"line":4,"column":18},"end":{"line":4,"column":48}},"4":{"start":{"line":9,"column":0},"end":{"line":9,"column":24}},"5":{"start":{"line":10,"column":0},"end":{"line":10,"column":16}},"6":{"start":{"line":12,"column":0},"end":{"line":12,"column":39}},"7":{"start":{"line":15,"column":0},"end":{"line":17,"column":2}},"8":{"start":{"line":16,"column":2},"end":{"line":16,"column":21}},"9":{"start":{"line":20,"column":0},"end":{"line":20,"column":20}}},"fnMap":{"0":{"name":"(anonymous_0)","decl":{"start":{"line":15,"column":13},"end":{"line":15,"column":14}},"loc":{"start":{"line":15,"column":31},"end":{"line":17,"column":1}},"line":15}},"branchMap":{},"s":{"0":1,"1":1,"2":1,"3":1,"4":1,"5":1,"6":1,"7":1,"8":0,"9":1},"f":{"0":0},"b":{},"_coverageSchema":"1a1c01bbd47fc00a2c39e90264f33305004495a9","hash":"d4dadbd6c8825c041c93eede2c3ee545b9d5956c"}
,"C:\\Users\\sanlo\\Desktop\\dojo-tdd\\controllers\\api.controller.js": {"path":"C:\\Users\\sanlo\\Desktop\\dojo-tdd\\controllers\\api.controller.js","statementMap":{"0":{"start":{"line":1,"column":36},"end":{"line":1,"column":61}},"1":{"start":{"line":4,"column":21},"end":{"line":28,"column":1}},"2":{"start":{"line":7,"column":4},"end":{"line":16,"column":5}},"3":{"start":{"line":8,"column":31},"end":{"line":8,"column":39}},"4":{"start":{"line":10,"column":19},"end":{"line":10,"column":45}},"5":{"start":{"line":12,"column":4},"end":{"line":12,"column":34}},"6":{"start":{"line":15,"column":6},"end":{"line":15,"column":22}},"7":{"start":{"line":22,"column":18},"end":{"line":22,"column":32}},"8":{"start":{"line":24,"column":4},"end":{"line":24,"column":22}},"9":{"start":{"line":30,"column":0},"end":{"line":30,"column":31}}},"fnMap":{"0":{"name":"(anonymous_0)","decl":{"start":{"line":6,"column":13},"end":{"line":6,"column":14}},"loc":{"start":{"line":6,"column":25},"end":{"line":19,"column":3}},"line":6},"1":{"name":"(anonymous_1)","decl":{"start":{"line":21,"column":18},"end":{"line":21,"column":19}},"loc":{"start":{"line":21,"column":29},"end":{"line":25,"column":3}},"line":21}},"branchMap":{},"s":{"0":1,"1":1,"2":3,"3":3,"4":3,"5":3,"6":0,"7":6,"8":6,"9":1},"f":{"0":3,"1":6},"b":{},"_coverageSchema":"1a1c01bbd47fc00a2c39e90264f33305004495a9","hash":"a12bbb9c690ec806896b10ca1ebeb6fd5215598c"}
,"C:\\Users\\sanlo\\Desktop\\dojo-tdd\\routes\\api.routes.js": {"path":"C:\\Users\\sanlo\\Desktop\\dojo-tdd\\routes\\api.routes.js","statementMap":{"0":{"start":{"line":1,"column":16},"end":{"line":1,"column":34}},"1":{"start":{"line":2,"column":15},"end":{"line":2,"column":31}},"2":{"start":{"line":3,"column":22},"end":{"line":3,"column":62}},"3":{"start":{"line":5,"column":0},"end":{"line":5,"column":46}},"4":{"start":{"line":6,"column":0},"end":{"line":6,"column":41}},"5":{"start":{"line":10,"column":0},"end":{"line":10,"column":23}}},"fnMap":{},"branchMap":{},"s":{"0":1,"1":1,"2":1,"3":1,"4":1,"5":1},"f":{},"b":{},"_coverageSchema":"1a1c01bbd47fc00a2c39e90264f33305004495a9","hash":"f248b747f21ea8b120747d522a983e176ceebccf"}
}
