TN:
SF:codeBreaker.js
FN:1,codeBreaker
FN:23,randomNumber
FNF:2
FNH:0
FNDA:0,codeBreaker
FNDA:0,randomNumber
DA:2,0
DA:3,0
DA:8,0
DA:9,0
DA:10,0
DA:11,0
DA:12,0
DA:14,0
DA:15,0
DA:19,0
DA:24,0
DA:25,0
DA:26,0
DA:28,0
DA:31,1
LF:15
LH:1
BRDA:8,0,0,0
BRDA:8,0,1,0
BRDA:11,1,0,0
BRDA:11,1,1,0
BRDA:14,2,0,0
BRDA:14,2,1,0
BRF:6
BRH:0
end_of_record
TN:
SF:index.js
FNF:0
FNH:0
DA:1,1
DA:2,1
DA:3,1
DA:4,1
DA:9,1
DA:10,1
DA:12,1
DA:15,1
LF:8
LH:8
BRF:0
BRH:0
end_of_record
TN:
SF:controllers\api.controller.js
FN:6,(anonymous_0)
FN:21,(anonymous_1)
FNF:2
FNH:0
FNDA:0,(anonymous_0)
FNDA:0,(anonymous_1)
DA:1,1
DA:4,1
DA:7,0
DA:8,0
DA:10,0
DA:13,0
DA:22,0
DA:24,0
DA:30,1
LF:9
LH:3
BRF:0
BRH:0
end_of_record
TN:
SF:routes\api.routes.js
FNF:0
FNH:0
DA:1,1
DA:2,1
DA:3,1
DA:5,1
DA:6,1
DA:10,1
LF:6
LH:6
BRF:0
BRH:0
end_of_record
