TN:
SF:calculator.js
FN:2,(anonymous_0)
FN:6,(anonymous_1)
FNF:2
FNH:2
FNDA:2,(anonymous_0)
FNDA:1,(anonymous_1)
DA:1,1
DA:3,2
DA:7,1
DA:14,1
LF:4
LH:4
BRF:0
BRH:0
end_of_record
TN:
SF:codeBreaker.js
FN:1,codeBreaker
FNF:1
FNH:1
FNDA:10,codeBreaker
DA:2,10
DA:3,10
DA:5,10
DA:6,10
DA:7,40
DA:10,10
DA:11,10
DA:12,10
DA:13,40
DA:14,10
DA:16,30
DA:17,11
DA:21,10
DA:24,1
DA:26,1
LF:15
LH:15
BRDA:1,0,0,1
BRDA:10,1,0,9
BRDA:10,1,1,1
BRDA:13,2,0,10
BRDA:13,2,1,30
BRDA:16,3,0,11
BRDA:16,3,1,19
BRF:7
BRH:7
end_of_record
